0 info it worked if it ends with ok
1 verbose cli [ 'C:\\Program Files\\nodejs\\node.exe',
1 verbose cli   'C:\\Program Files\\nodejs\\node_modules\\npm\\bin\\npm-cli.js',
1 verbose cli   'install',
1 verbose cli   'angular-bootstrap-switch' ]
2 info using npm@2.10.1
3 info using node@v0.12.4
4 verbose install initial load of D:\workspace\calculadora\package.json
5 verbose readDependencies loading dependencies from D:\workspace\calculadora\package.json
6 silly cache add args [ 'angular-bootstrap-switch', null ]
7 verbose cache add spec angular-bootstrap-switch
8 silly cache add parsed spec { raw: 'angular-bootstrap-switch',
8 silly cache add   scope: null,
8 silly cache add   name: 'angular-bootstrap-switch',
8 silly cache add   rawSpec: '',
8 silly cache add   spec: '*',
8 silly cache add   type: 'range' }
9 silly addNamed angular-bootstrap-switch@*
10 verbose addNamed "*" is a valid semver range for angular-bootstrap-switch
11 silly addNameRange { name: 'angular-bootstrap-switch', range: '*', hasData: false }
12 silly mapToRegistry name angular-bootstrap-switch
13 silly mapToRegistry using default registry
14 silly mapToRegistry registry https://registry.npmjs.org/
15 silly mapToRegistry uri https://registry.npmjs.org/angular-bootstrap-switch
16 verbose addNameRange registry:https://registry.npmjs.org/angular-bootstrap-switch not in flight; fetching
17 verbose request uri https://registry.npmjs.org/angular-bootstrap-switch
18 verbose request no auth needed
19 info attempt registry request try #1 at 15:40:27
20 verbose request id c4b861d3785f194c
21 http request GET https://registry.npmjs.org/angular-bootstrap-switch
22 info retry will retry, error on last attempt: Error: tunneling socket could not be established, cause=write EPROTO 101057795:error:140770FC:SSL routines:SSL23_GET_SERVER_HELLO:unknown protocol:openssl\ssl\s23_clnt.c:782:
23 info attempt registry request try #2 at 15:40:38
24 http request GET https://registry.npmjs.org/angular-bootstrap-switch
25 info retry will retry, error on last attempt: Error: tunneling socket could not be established, cause=write EPROTO 101057795:error:140770FC:SSL routines:SSL23_GET_SERVER_HELLO:unknown protocol:openssl\ssl\s23_clnt.c:782:
26 info attempt registry request try #3 at 15:41:38
27 http request GET https://registry.npmjs.org/angular-bootstrap-switch
28 verbose stack Error: tunneling socket could not be established, cause=write EPROTO 101057795:error:140770FC:SSL routines:SSL23_GET_SERVER_HELLO:unknown protocol:openssl\ssl\s23_clnt.c:782:
28 verbose stack
28 verbose stack     at ClientRequest.onError (C:\Program Files\nodejs\node_modules\npm\node_modules\request\node_modules\tunnel-agent\index.js:168:17)
28 verbose stack     at ClientRequest.g (events.js:199:16)
28 verbose stack     at ClientRequest.emit (events.js:107:17)
28 verbose stack     at TLSSocket.socketErrorListener (_http_client.js:271:9)
28 verbose stack     at TLSSocket.emit (events.js:129:20)
28 verbose stack     at onwriteError (_stream_writable.js:317:10)
28 verbose stack     at onwrite (_stream_writable.js:335:5)
28 verbose stack     at WritableState.onwrite (_stream_writable.js:105:5)
28 verbose stack     at fireErrorCallbacks (net.js:456:13)
28 verbose stack     at TLSSocket.Socket._destroy (net.js:495:3)
29 verbose cwd D:\workspace\calculadora
30 error Windows_NT 6.1.7601
31 error argv "C:\\Program Files\\nodejs\\node.exe" "C:\\Program Files\\nodejs\\node_modules\\npm\\bin\\npm-cli.js" "install" "angular-bootstrap-switch"
32 error node v0.12.4
33 error npm  v2.10.1
34 error code ECONNRESET
35 error network tunneling socket could not be established, cause=write EPROTO 101057795:error:140770FC:SSL routines:SSL23_GET_SERVER_HELLO:unknown protocol:openssl\ssl\s23_clnt.c:782:
35 error network
35 error network This is most likely not a problem with npm itself
35 error network and is related to network connectivity.
35 error network In most cases you are behind a proxy or have bad network settings.
35 error network
35 error network If you are behind a proxy, please make sure that the
35 error network 'proxy' config is set properly.  See: 'npm help config'
36 verbose exit [ 1, true ]
